  Lecture.c
  main.c
C:\Users\khm\Documents\GitHub\gameprogramming2\Pointer\Ch2\Lecture.c(26,2): warning C4013: 'Swap'이(가) 정의되지 않았습니다. extern은 int형을 반환하는 것으로 간주합니다.
C:\Users\khm\Documents\GitHub\gameprogramming2\Pointer\Ch2\Lecture.c(31,2): warning C4013: 'IncreaseScore'이(가) 정의되지 않았습니다. extern은 int형을 반환하는 것으로 간주합니다.
C:\Users\khm\Documents\GitHub\gameprogramming2\Pointer\Ch2\Lecture.c(32,2): warning C4013: 'IncreaseTemp'이(가) 정의되지 않았습니다. extern은 int형을 반환하는 것으로 간주합니다.
C:\Users\khm\Documents\GitHub\gameprogramming2\Pointer\Ch2\Lecture.c(45,2): warning C4013: 'UpgradeWeapon'이(가) 정의되지 않았습니다. extern은 int형을 반환하는 것으로 간주합니다.
C:\Users\khm\Documents\GitHub\gameprogramming2\Pointer\Ch2\Lecture.c(52,6): error C2371: 'Swap': 재정의. 기본 형식이 다릅니다.
C:\Users\khm\Documents\GitHub\gameprogramming2\Pointer\Ch2\Lecture.c(54,6): warning C4047: '초기화 중': 'int'의 간접 참조 수준이 'int **'과(와) 다릅니다.
C:\Users\khm\Documents\GitHub\gameprogramming2\Pointer\Ch2\Lecture.c(60,6): error C2371: 'IncreaseScore': 재정의. 기본 형식이 다릅니다.
C:\Users\khm\Documents\GitHub\gameprogramming2\Pointer\Ch2\Lecture.c(68,6): error C2371: 'IncreaseTemp': 재정의. 기본 형식이 다릅니다.
C:\Users\khm\Documents\GitHub\gameprogramming2\Pointer\Ch2\Lecture.c(73,6): error C2371: 'UpgradeWeapon': 재정의. 기본 형식이 다릅니다.
C:\Users\khm\Documents\GitHub\gameprogramming2\Pointer\Ch2\Lecture.c(82,55): error C2297: '*': 오른쪽 피연산자의 유형이 'float *'이므로 유효하지 않습니다.
C:\Users\khm\Documents\GitHub\gameprogramming2\Pointer\Ch2\Lecture.c(82,9): warning C4473: 'printf': 서식 문자열에 대한 인수가 충분하게 전달되지 않았습니다.
      C:\Users\khm\Documents\GitHub\gameprogramming2\Pointer\Ch2\Lecture.c(82,9):
      자리 표시자 및 해당 매개 변수에는 variadic 인수가 1개 필요하지만 0개가 제공되었습니다.
      C:\Users\khm\Documents\GitHub\gameprogramming2\Pointer\Ch2\Lecture.c(82,9):
      누락된 variadic 인수 1이(가) 서식 문자열 '%f'에 필요합니다.
  
C:\Users\khm\Documents\GitHub\gameprogramming2\Pointer\Ch2\main.c(4,1): error C2120: 'void' cannot be combined with any other type specifier
  PointerOperator.c
C:\Users\khm\Documents\GitHub\gameprogramming2\Pointer\Ch2\PointerOperator.c(3,1): error C2120: 'void' cannot be combined with any other type specifier
C:\Users\khm\Documents\GitHub\gameprogramming2\Pointer\Ch2\PointerOperator.c(12,9): warning C4477: 'printf' : 서식 문자열 '%d'에 'int' 형식의 인수가 필요하지만 variadic 인수 1의 형식이 'size_t'입니다.
      C:\Users\khm\Documents\GitHub\gameprogramming2\Pointer\Ch2\PointerOperator.c(12,9):
      서식 문자열에서 '%zd'을(를) 사용하는 것이 좋습니다.
  
C:\Users\khm\Documents\GitHub\gameprogramming2\Pointer\Ch2\PointerOperator.c(16,9): warning C4477: 'printf' : 서식 문자열 '%d'에 'int' 형식의 인수가 필요하지만 variadic 인수 1의 형식이 'size_t'입니다.
      C:\Users\khm\Documents\GitHub\gameprogramming2\Pointer\Ch2\PointerOperator.c(16,9):
      서식 문자열에서 '%zd'을(를) 사용하는 것이 좋습니다.
  
C:\Users\khm\Documents\GitHub\gameprogramming2\Pointer\Ch2\PointerOperator.c(8,6): warning C4047: '초기화 중': 'int'의 간접 참조 수준이 'int *'과(와) 다릅니다.
  코드를 생성하고 있습니다...
